C51 COMPILER V9.60.0.0   AT24C02                                                           08/15/2022 20:45:30 PAGE 1   


C51 COMPILER V9.60.0.0, COMPILATION OF MODULE AT24C02
OBJECT MODULE PLACED IN .\Objects\AT24C02.obj
COMPILER INVOKED BY: D:\keil5\C51\BIN\C51.EXE AT24C02.c OPTIMIZE(8,SPEED) BROWSE DEBUG OBJECTEXTEND PRINT(.\Listings\AT2
                    -4C02.lst) OBJECT(.\Objects\AT24C02.obj)

line level    source

   1          #include <REGX52.H>
   2          #include "I2C.h"
   3          void AT24C02_sendbyte(unsigned char byte,address)
   4          {
   5   1              I2C_start();
   6   1              I2C_sendbyte(0xA0);
   7   1              I2C_receiveack();
   8   1              I2C_sendbyte(address);
   9   1              I2C_receiveack();
  10   1              I2C_sendbyte(byte);
  11   1              I2C_receiveack();
  12   1              I2C_end();
  13   1      }
  14          
  15          unsigned char AT24C02_readbyte(unsigned char address)
  16          {
  17   1              unsigned char byte;
  18   1              I2C_start();
  19   1              I2C_sendbyte(0xA0);
  20   1              I2C_receiveack();
  21   1              I2C_sendbyte(address);
  22   1              I2C_receiveack();
  23   1              I2C_start();
  24   1              I2C_sendbyte(0xA1);
  25   1              I2C_receiveack();
  26   1              byte=I2C_receivebyte();
  27   1              I2C_sendack(1);
  28   1              I2C_end();
  29   1              return byte;
  30   1      }


MODULE INFORMATION:   STATIC OVERLAYABLE
   CODE SIZE        =     84    ----
   CONSTANT SIZE    =   ----    ----
   XDATA SIZE       =   ----    ----
   PDATA SIZE       =   ----    ----
   DATA SIZE        =   ----       5
   IDATA SIZE       =   ----    ----
   BIT SIZE         =   ----    ----
END OF MODULE INFORMATION.


C51 COMPILATION COMPLETE.  0 WARNING(S),  0 ERROR(S)
