C51 COMPILER V9.60.0.0   I2C                                                               08/15/2022 20:45:30 PAGE 1   


C51 COMPILER V9.60.0.0, COMPILATION OF MODULE I2C
OBJECT MODULE PLACED IN .\Objects\I2C.obj
COMPILER INVOKED BY: D:\keil5\C51\BIN\C51.EXE I2C.c OPTIMIZE(8,SPEED) BROWSE DEBUG OBJECTEXTEND PRINT(.\Listings\I2C.lst
                    -) OBJECT(.\Objects\I2C.obj)

line level    source

   1          #include <REGX52.H>
   2          
   3          sbit SCL=P2^1;
   4          sbit SDA=P2^0;
   5          
   6          /**
   7            * @brief I2C通讯开始标志
   8            * @param 无
   9            * @retval 无
  10            */
  11          void I2C_start()
  12          {
  13   1              SCL=1;
  14   1              SDA=1;
  15   1              SDA=0;
  16   1              SCL=0;
  17   1      }
  18          /**
  19            * @brief I2C通讯结束标志
  20            * @param 无
  21            * @retval 无
  22            */
  23          void I2C_end()
  24          {
  25   1              SCL=0;
  26   1              SDA=0;
  27   1              SCL=1;
  28   1              SDA=1;
  29   1      }
  30          /**
  31            * @brief 发送一个字节
  32            * @param byte发送的字节
  33            * @retval 无
  34            */
  35          void I2C_sendbyte(unsigned char byte)
  36          {
  37   1              int i;
  38   1              for(i=0;i<8;i++)
  39   1              {
  40   2                      SDA=byte&(0x80>>i);
  41   2                      SCL=1;
  42   2                      SCL=0;
  43   2              }
  44   1      }
  45          /**
  46            * @brief 接受字节
  47            * @param 无
  48            * @retval byte接受的字节
  49            */
  50          unsigned char I2C_receivebyte()
  51          {
  52   1              unsigned char byte=0x00;
  53   1              int i;
  54   1              SDA=1;//接收数据之前，主机要释放SDA数据线
C51 COMPILER V9.60.0.0   I2C                                                               08/15/2022 20:45:30 PAGE 2   

  55   1              for(i=0;i<8;i++)
  56   1              {
  57   2                      SCL=1;
  58   2                      if(SDA)
  59   2                      {
  60   3                              byte|=(0x80>>i);
  61   3                      }
  62   2                      SCL=0;
  63   2              }
  64   1              return byte;
  65   1      }
  66          /**
  67            * @brief 发送应答
  68            * @param ack发送的应答
  69            * @retval 无
  70            */
  71          void I2C_sendack(unsigned char ack)
  72          {
  73   1              SDA=ack;
  74   1              SCL=1;
  75   1              SCL=0;
  76   1      }
  77          /**
  78            * @brief 接受应答
  79            * @param 无
  80            * @retval 接受的应答
  81            */
  82          unsigned char I2C_receiveack()
  83          {
  84   1              unsigned char ack=0;
  85   1              SDA=1;
  86   1              SCL=1;
  87   1              if(SDA)
  88   1              {
  89   2                      ack=1;
  90   2              }
  91   1              SCL=0;
  92   1              return ack;
  93   1      }


MODULE INFORMATION:   STATIC OVERLAYABLE
   CODE SIZE        =    130    ----
   CONSTANT SIZE    =   ----    ----
   XDATA SIZE       =   ----    ----
   PDATA SIZE       =   ----    ----
   DATA SIZE        =   ----    ----
   IDATA SIZE       =   ----    ----
   BIT SIZE         =   ----    ----
END OF MODULE INFORMATION.


C51 COMPILATION COMPLETE.  0 WARNING(S),  0 ERROR(S)
