C51 COMPILER V9.60.0.0   MAIN                                                              08/15/2022 21:43:34 PAGE 1   


C51 COMPILER V9.60.0.0, COMPILATION OF MODULE MAIN
OBJECT MODULE PLACED IN .\Objects\main.obj
COMPILER INVOKED BY: D:\keil5\C51\BIN\C51.EXE main.c OPTIMIZE(8,SPEED) BROWSE DEBUG OBJECTEXTEND PRINT(.\Listings\main.l
                    -st) OBJECT(.\Objects\main.obj)

line level    source

   1          #include <REGX52.H>
   2          #include "AT24C02.h"
   3          #include "LCD1602.h"
   4          #include "key.h"
   5          #include "Delay.h"
   6          
   7          unsigned int num;
   8          unsigned char keynum;
   9          unsigned char Data;
  10          
  11          void main()
  12          {
  13   1              LCD_Init();
  14   1              LCD_ShowString(1,1,"NUMBER BANK!");
  15   1              while(1)
  16   1              {
  17   2                      keynum=key();
  18   2                      LCD_ShowNum(2,1,num,2);
  19   2                      if(keynum==1){num++;LCD_ShowString(2,12,"      ");}
  20   2                      if(keynum==2 && num>=1){num--;LCD_ShowString(2,12,"      ");}
  21   2                              else if(keynum==2 && num==0){LCD_ShowString(2,12,"ERROR!");}
  22   2                      if(keynum==3)
  23   2                              {
  24   3                                      AT24C02_sendbyte(num,0);
  25   3                                      Delay(5);
  26   3                                      LCD_ShowString(2,8,"WRITE OK!");
  27   3                                      Delay(2000);
  28   3                                      LCD_ShowString(2,8,"         ");
  29   3                              }
  30   2                      if(keynum==4)
  31   2                              {
  32   3                                      Data=AT24C02_readbyte(0);
  33   3                                      LCD_ShowString(2,9,"READ OK!");
  34   3                                      LCD_ShowNum(2,5,Data,2);
  35   3                                      Delay(2000);
  36   3                                      LCD_ShowString(2,9,"        ");
  37   3                              }
  38   2              }
  39   1      }


MODULE INFORMATION:   STATIC OVERLAYABLE
   CODE SIZE        =    239    ----
   CONSTANT SIZE    =     65    ----
   XDATA SIZE       =   ----    ----
   PDATA SIZE       =   ----    ----
   DATA SIZE        =      4    ----
   IDATA SIZE       =   ----    ----
   BIT SIZE         =   ----    ----
END OF MODULE INFORMATION.


C51 COMPILATION COMPLETE.  0 WARNING(S),  0 ERROR(S)
