C51 COMPILER V9.60.0.0   MAIN                                                              08/04/2022 11:39:18 PAGE 1   


C51 COMPILER V9.60.0.0, COMPILATION OF MODULE MAIN
OBJECT MODULE PLACED IN .\Objects\main.obj
COMPILER INVOKED BY: D:\keil5\C51\BIN\C51.EXE main.c OPTIMIZE(8,SPEED) BROWSE DEBUG OBJECTEXTEND PRINT(.\Listings\main.l
                    -st) OBJECT(.\Objects\main.obj)

line level    source

   1          #include <REGX52.H>
   2          #include "Delay.h"
   3          
   4          sbit RCK=P3^5;   //RCLK上升沿锁存
   5          sbit SCK=P3^6;   //SRCLK上升沿移位
   6          sbit SER=P3^4;   //串行数据
   7          
   8          #define MATRIX_LED_PORT  P0
   9          
  10          /**
  11            * @brief 74HC595写入一个字节
  12            * @param 写入的8位16进制串行数据
  13            * @retval 无
  14            */
  15          void _74HC595_WriteByte(unsigned char byte)
  16          {
  17   1              unsigned char i;
  18   1              for(i=0;i<8;i++)
  19   1              {
  20   2                      SER=byte&(0x80>>i);  //与门，如果Byte最高位为1那么SER为1，相反为0  1111 0000 &1000 0000=
             -1000 0000>1
  21   2                      SCK=1;    //上升沿移位一次
  22   2                      SCK=0;
  23   2              }
  24   1              RCK=1;
  25   1              RCK=0;
  26   1      }
  27          
  28          /**
  29            * @brief LED点阵屏列显示
  30            * @param Column列数  范围0-7
  31            * @param Data选择列中的并行数据
  32            * @retval 无
  33            */
  34          void MatrixLED_ShowColumn(unsigned char Column,unsigned char Data)
  35          {
  36   1              _74HC595_WriteByte(Data);
  37   1              MATRIX_LED_PORT=~(0x80>>Column);
  38   1              Delay(1);
  39   1              MATRIX_LED_PORT=0xFF;
  40   1      }
  41          
  42          void main()
  43          {
  44   1              SCK=0;
  45   1              RCK=0;
  46   1              while(1)
  47   1              {
  48   2                      MatrixLED_ShowColumn(0,0x3C);
  49   2                      MatrixLED_ShowColumn(1,0x42);
  50   2                      MatrixLED_ShowColumn(2,0xA9);
  51   2                      MatrixLED_ShowColumn(3,0x85);
  52   2                      MatrixLED_ShowColumn(4,0x85);
  53   2                      MatrixLED_ShowColumn(5,0xA9);
C51 COMPILER V9.60.0.0   MAIN                                                              08/04/2022 11:39:18 PAGE 2   

  54   2                      MatrixLED_ShowColumn(6,0x42);
  55   2                      MatrixLED_ShowColumn(7,0x3C);
  56   2                      
  57   2              }
  58   1      }


MODULE INFORMATION:   STATIC OVERLAYABLE
   CODE SIZE        =    152    ----
   CONSTANT SIZE    =   ----    ----
   XDATA SIZE       =   ----    ----
   PDATA SIZE       =   ----    ----
   DATA SIZE        =   ----    ----
   IDATA SIZE       =   ----    ----
   BIT SIZE         =   ----    ----
END OF MODULE INFORMATION.


C51 COMPILATION COMPLETE.  0 WARNING(S),  0 ERROR(S)
