C51 COMPILER V9.60.0.0   BUZZER                                                            08/11/2022 18:49:38 PAGE 1   


C51 COMPILER V9.60.0.0, COMPILATION OF MODULE BUZZER
OBJECT MODULE PLACED IN .\Objects\buzzer.obj
COMPILER INVOKED BY: D:\keil5\C51\BIN\C51.EXE buzzer.c OPTIMIZE(8,SPEED) BROWSE DEBUG OBJECTEXTEND PRINT(.\Listings\buzz
                    -er.lst) OBJECT(.\Objects\buzzer.obj)

line level    source

   1          #include <REGX52.H>
   2          #include <INTRINS.H>
   3          #include "Delay.h"
   4          
   5          sbit buzzer=P2^5;
   6          
   7          void Delay500us()               //@11.0592MHz
   8          {
   9   1              unsigned char i;
  10   1      
  11   1              _nop_();
  12   1              i = 227;
  13   1              while (--i);
  14   1      }
  15          
  16          
  17          void Buzzer(unsigned int ms)
  18          {
  19   1              unsigned int i;
  20   1              for(i=0;i<ms*2;i++)
  21   1                              {
  22   2                                      buzzer=!buzzer;
  23   2                                      Delay500us();
  24   2                              }
  25   1      }


MODULE INFORMATION:   STATIC OVERLAYABLE
   CODE SIZE        =     40    ----
   CONSTANT SIZE    =   ----    ----
   XDATA SIZE       =   ----    ----
   PDATA SIZE       =   ----    ----
   DATA SIZE        =   ----    ----
   IDATA SIZE       =   ----    ----
   BIT SIZE         =   ----    ----
END OF MODULE INFORMATION.


C51 COMPILATION COMPLETE.  0 WARNING(S),  0 ERROR(S)
