C51 COMPILER V9.60.0.0   MAIN                                                              08/11/2022 18:50:24 PAGE 1   


C51 COMPILER V9.60.0.0, COMPILATION OF MODULE MAIN
OBJECT MODULE PLACED IN .\Objects\main.obj
COMPILER INVOKED BY: D:\keil5\C51\BIN\C51.EXE main.c OPTIMIZE(8,SPEED) BROWSE DEBUG OBJECTEXTEND PRINT(.\Listings\main.l
                    -st) OBJECT(.\Objects\main.obj)

line level    source

   1          #include <REGX52.H>
   2          #include "Key.h"
   3          #include "Delay.h"
   4          #include "Nixie.h"
   5          #include "buzzer.h"
   6          
   7          unsigned char keynum;
   8          
   9          
  10          
  11          void main()
  12          {
  13   1              while(1)
  14   1              {
  15   2                      keynum=Key();
*** WARNING C206 IN LINE 15 OF main.c: 'Key': missing function-prototype
  16   2                      if(keynum)
  17   2                      {
  18   3                              Buzzer(100);
  19   3                              Nixie(1,keynum);
  20   3                      }
  21   2              }
  22   1      }


MODULE INFORMATION:   STATIC OVERLAYABLE
   CODE SIZE        =     28    ----
   CONSTANT SIZE    =   ----    ----
   XDATA SIZE       =   ----    ----
   PDATA SIZE       =   ----    ----
   DATA SIZE        =      1    ----
   IDATA SIZE       =   ----    ----
   BIT SIZE         =   ----    ----
END OF MODULE INFORMATION.


C51 COMPILATION COMPLETE.  1 WARNING(S),  0 ERROR(S)
