C51 COMPILER V9.60.0.0   MAIN                                                              07/05/2022 14:27:18 PAGE 1   


C51 COMPILER V9.60.0.0, COMPILATION OF MODULE MAIN
OBJECT MODULE PLACED IN .\Objects\main.obj
COMPILER INVOKED BY: D:\keil5\C51\BIN\C51.EXE main.c OPTIMIZE(8,SPEED) BROWSE DEBUG OBJECTEXTEND PRINT(.\Listings\main.l
                    -st) OBJECT(.\Objects\main.obj)

line level    source

   1          #include <REGX52.H>
   2          void Delay(unsigned int x)      
   3          {
   4   1              unsigned char i, j;
   5   1              while(x)
   6   1              {
   7   2                      i = 2;
   8   2                      j = 199;
   9   2                      do
  10   2                      {
  11   3                              while (--j);
  12   3                      } while (--i);
  13   2                      x--;
  14   2              }
  15   1      }
  16          void main()
  17          {
  18   1              int m=0;
  19   1              while(1)
  20   1              {
  21   2                      if(P3_1==0)
  22   2                      {
  23   3                              Delay(15);
  24   3                              while(P3_1==0);
  25   3                              Delay(15);
  26   3                              m++;
  27   3                              P2=~m;
  28   3                      }
  29   2              }
  30   1      }


MODULE INFORMATION:   STATIC OVERLAYABLE
   CODE SIZE        =     54    ----
   CONSTANT SIZE    =   ----    ----
   XDATA SIZE       =   ----    ----
   PDATA SIZE       =   ----    ----
   DATA SIZE        =   ----    ----
   IDATA SIZE       =   ----    ----
   BIT SIZE         =   ----    ----
END OF MODULE INFORMATION.


C51 COMPILATION COMPLETE.  0 WARNING(S),  0 ERROR(S)
