C51 COMPILER V9.60.0.0   UART                                                              08/03/2022 15:04:43 PAGE 1   


C51 COMPILER V9.60.0.0, COMPILATION OF MODULE UART
OBJECT MODULE PLACED IN .\Objects\UART.obj
COMPILER INVOKED BY: D:\keil5\C51\BIN\C51.EXE UART.c OPTIMIZE(8,SPEED) BROWSE DEBUG OBJECTEXTEND PRINT(.\Listings\UART.l
                    -st) OBJECT(.\Objects\UART.obj)

line level    source

   1          #include <REGX52.H>
   2          
   3          
   4          void UNIT_Init()
   5          {
   6   1              SCON=0x40;   //0100 0000 该寄存器控制（SM0 SM1 REN TB8 RB8 TI RI）
   7   1              //SM0 SM1取01选择方式一，即8位UART波特率可变模式
   8   1              //REN位是决定是否可以接收
   9   1              //TB8 RB8是方式2，3不需配置
  10   1              //TI RI为是否发送中断请求，发送时机器自动置1，需手动置0
  11   1              PCON |= 0x80;
  12   1              TMOD &= 0x0F;           //设置定时器模式
  13   1              TMOD |= 0x20;           //设置定时器模式
  14   1              TL1 = 0xF4;             //设置定时初始值
  15   1              TH1 = 0xF4;             //设置定时重载值
  16   1              ET1=0;
  17   1              TR1 = 1;                //定时器1开始计时
  18   1      }
  19          void UART_sendbyte(unsigned char byte)
  20          {
  21   1              SBUF=byte;
  22   1              while(TI==0);
  23   1              TI=0;
  24   1      }


MODULE INFORMATION:   STATIC OVERLAYABLE
   CODE SIZE        =     31    ----
   CONSTANT SIZE    =   ----    ----
   XDATA SIZE       =   ----    ----
   PDATA SIZE       =   ----    ----
   DATA SIZE        =   ----    ----
   IDATA SIZE       =   ----    ----
   BIT SIZE         =   ----    ----
END OF MODULE INFORMATION.


C51 COMPILATION COMPLETE.  0 WARNING(S),  0 ERROR(S)
