C51 COMPILER V9.60.0.0   MAIN                                                              08/11/2022 19:47:55 PAGE 1   


C51 COMPILER V9.60.0.0, COMPILATION OF MODULE MAIN
OBJECT MODULE PLACED IN .\Objects\main.obj
COMPILER INVOKED BY: D:\keil5\C51\BIN\C51.EXE main.c OPTIMIZE(8,SPEED) BROWSE DEBUG OBJECTEXTEND PRINT(.\Listings\main.l
                    -st) OBJECT(.\Objects\main.obj)

line level    source

   1          #include <REGX52.H>
   2          #include "Delay.h"
   3          #include "timer0.h"
   4          
   5          #define SPEED 500
   6          #define P   0
   7          #define L1   1
   8          #define L1_   2
   9          #define L2   3
  10          #define L2_  4
  11          #define L3   5
  12          #define L4   6
  13          #define L4_   7
  14          #define L5   8
  15          #define L5_   9
  16          #define L6   10
  17          #define L6_   11
  18          #define L7   12
  19          #define M1   13
  20          #define M1_   14
  21          #define M2   15
  22          #define M2_  16
  23          #define M3   17
  24          #define M4   18
  25          #define M4_   19
  26          #define M5   20
  27          #define M5_   21
  28          #define M6   22
  29          #define M6_   23
  30          #define M7   24
  31          #define H1   25
  32          #define H1_   26
  33          #define H2   27
  34          #define H2_  28
  35          #define H3   29
  36          #define H4   30
  37          #define H4_   31
  38          #define H5   32
  39          #define H5_   33
  40          #define H6   34
  41          #define H6_   35
  42          #define H7   36
  43          sbit buzzer=P2^5;
  44          unsigned int freqtable[]={0,63628,63731,63835,63928,64021,64103,64185,64260,64331,64400,64463,64528
  45          ,64580,64633,64684,64732,64777,64820,64860,64898,64934,64968,65000,65030,65058,65085,65110,65134,
  46          65178,65198,65217,65235,65252,65268,65283};
  47          unsigned char select,Fselect;
  48          unsigned char code music[]={
  49                  //1
  50                  P,      4,
  51                  P,      4,
  52                  P,      4,
  53                  M6,     2,
  54                  M7,     2,
C51 COMPILER V9.60.0.0   MAIN                                                              08/11/2022 19:47:55 PAGE 2   

  55                  
  56                  H1,     4+2,
  57                  M7,     2,
  58                  H1,     4,
  59                  H3,     4,
  60                  
  61                  M7,     4+4+4,
  62                  M3,     2,
  63                  M3,     2,
  64                  
  65                  //2
  66                  M6,     4+2,
  67                  M5,     2,
  68                  M6, 4,
  69                  H1,     4,
  70                  
  71                  M5,     4+4+4,
  72                  M3,     4,
  73                  
  74                  M4,     4+2,
  75                  M3,     2,
  76                  M4,     4,
  77                  H1,     4,
  78                  
  79                  //3
  80                  M3,     4+4,
  81                  P,      2,
  82                  H1,     2,
  83                  H1,     2,
  84                  H1,     2,
  85                  
  86                  M7,     4+2,
  87                  M4_,2,
  88                  M4_,4,
  89                  M7,     4,
  90                  
  91                  M7,     8,
  92                  P,      4,
  93                  M6,     2,
  94                  M7,     2,
  95                  
  96                  //4
  97                  H1,     4+2,
  98                  M7,     2,
  99                  H1,     4,
 100                  H3,     4,
 101                  
 102                  M7,     4+4+4,
 103                  M3,     2,
 104                  M3,     2,
 105                  
 106                  M6,     4+2,
 107                  M5,     2,
 108                  M6, 4,
 109                  H1,     4,
 110                  
 111                  //5
 112                  M5,     4+4+4,
 113                  M2,     2,
 114                  M3,     2,
 115                  
 116                  M4,     4,
C51 COMPILER V9.60.0.0   MAIN                                                              08/11/2022 19:47:55 PAGE 3   

 117                  H1,     2,
 118                  M7,     2+2,
 119                  H1,     2+4,
 120                  
 121                  H2,     2,
 122                  H2,     2,
 123                  H3,     2,
 124                  H1,     2+4+4,
 125                  
 126                  //6
 127                  H1,     2,
 128                  M7,     2,
 129                  M6,     2,
 130                  M6,     2,
 131                  M7,     4,
 132                  M5_,4,
 133                  
 134                  
 135                  M6,     4+4+4,
 136                  H1,     2,
 137                  H2,     2,
 138                  
 139                  H3,     4+2,
 140                  H2,     2,
 141                  H3,     4,
 142                  H5,     4,
 143                  
 144                  //7
 145                  H2,     4+4+4,
 146                  M5,     2,
 147                  M5,     2,
 148                  
 149                  H1,     4+2,
 150                  M7,     2,
 151                  H1,     4,
 152                  H3,     4,
 153                  
 154                  H3,     4+4+4+4,
 155                  
 156                  //8
 157                  M6,     2,
 158                  M7,     2,
 159                  H1,     4,
 160                  M7,     4,
 161                  H2,     2,
 162                  H2,     2,
 163                  
 164                  H1,     4+2,
 165                  M5,     2+4+4,
 166                  
 167                  H4,     4,
 168                  H3,     4,
 169                  H3,     4,
 170                  H1,     4,
 171                  
 172                  //9
 173                  H3,     4+4+4,
 174                  H3,     4,
 175                  
 176                  H6,     4+4,
 177                  H5,     4,
 178                  H5,     4,
C51 COMPILER V9.60.0.0   MAIN                                                              08/11/2022 19:47:55 PAGE 4   

 179                  
 180                  H3,     2,
 181                  H2,     2,
 182                  H1,     4+4,
 183                  P,      2,
 184                  H1,     2,
 185                  
 186                  //10
 187                  H2,     4,
 188                  H1,     2,
 189                  H2,     2,
 190                  H2,     4,
 191                  H5,     4,
 192                  
 193                  H3,     4+4+4,
 194                  H3,     4,
 195                  
 196                  H6,     4+4,
 197                  H5,     4+4,
 198                  
 199                  //11
 200                  H3,     2,
 201                  H2,     2,
 202                  H1,     4+4,
 203                  P,      2,
 204                  H1,     2,
 205                  
 206                  H2,     4,
 207                  H1,     2,
 208                  H2,     2+4,
 209                  M7,     4,
 210                  
 211                  M6,     4+4+4,
 212                  P,      4,
 213                  0xFF
 214          };
 215          void main()
 216          {
 217   1              Timer_Init();
 218   1              while(1)
 219   1              {
 220   2                      if(music[select]!=0xFF)
 221   2                      {
 222   3                              Fselect=music[select];
 223   3                              select++;
 224   3                              Delay(SPEED/4*music[select]);
 225   3                              select++;
 226   3                              TR0=0;
 227   3                              Delay(5);
 228   3                              TR0=1;
 229   3                      }
 230   2                      else
 231   2                      {
 232   3                              TR0=0;
 233   3                              while(1);
 234   3                      }
 235   2              }
 236   1      }
 237          
 238          void Timer0_Routine() interrupt 1
 239          {
 240   1              if(freqtable[Fselect])
C51 COMPILER V9.60.0.0   MAIN                                                              08/11/2022 19:47:55 PAGE 5   

 241   1              {
 242   2                      TL0=freqtable[Fselect]%256;
 243   2                      TH0=freqtable[Fselect]/256;
 244   2                      buzzer=!buzzer;
 245   2              }
 246   1      }


MODULE INFORMATION:   STATIC OVERLAYABLE
   CODE SIZE        =    101    ----
   CONSTANT SIZE    =    241    ----
   XDATA SIZE       =   ----    ----
   PDATA SIZE       =   ----    ----
   DATA SIZE        =     74    ----
   IDATA SIZE       =   ----    ----
   BIT SIZE         =   ----    ----
END OF MODULE INFORMATION.


C51 COMPILATION COMPLETE.  0 WARNING(S),  0 ERROR(S)
