C51 COMPILER V9.60.0.0   TIMER0                                                            08/11/2022 19:00:01 PAGE 1   


C51 COMPILER V9.60.0.0, COMPILATION OF MODULE TIMER0
OBJECT MODULE PLACED IN .\Objects\timer0.obj
COMPILER INVOKED BY: D:\keil5\C51\BIN\C51.EXE timer0.c OPTIMIZE(8,SPEED) BROWSE DEBUG OBJECTEXTEND PRINT(.\Listings\time
                    -r0.lst) OBJECT(.\Objects\timer0.obj)

line level    source

   1          #include <REGX52.H>
   2          
   3          void Timer_Init()
   4          {
   5   1              //TMOD=0x01;    //0000 0001  TMODä¸å¯æŒ‰ä½å¯»å€  TCONå¯æŒ‰ä½å¯»å€
   6   1              //é…ç½®TMOD  é«˜å››ä½ä¸ºå®šæ—¶å™¨1ï¼Œä½Žå››ä½ä¸ºå®šæ—¶å™¨2ï¼ˆGATE C/T M1 M0ï¼‰åˆ†åˆ«ä¸ºï¼ˆ0 0 0 1ï¼‰
   7   1              //GATE å¯ä»¥é€‰æ‹©æ˜¯ç”±å¤–éƒ¨å’Œå†…éƒ¨ä¸€èµ·æŽ§åˆ¶è¿˜æ˜¯åªæ˜¯ç”±TR0æŽ§åˆ¶ è¿™é‡ŒGATEç›´æŽ¥ç»™0ç”±TR0æŽ
             -§åˆ¶
   8   1              //C/T ç½®0ä¸ºé€‰æ‹©å®šæ—¶å™¨  ç½®1ä¸ºè®¡æ•°å™¨
   9   1              //M1 M0é€‰æ‹©ä¸º0 1 ä¸ºé€‰æ‹©16ä½æ¨¡å¼
  10   1              TMOD=TMOD&0xF0;  //æŠŠTMODä½Žå››ä½æ¸…é›¶ï¼Œé«˜å››ä½ä¿æŒä¸å˜
  11   1              TMOD=TMOD|0x01;  //æŠŠTMODä½Žå››ä½ç½®1ï¼Œé«˜å››ä½ä¿æŒä¸å˜
  12   1              TF0=0;     //æ¸…é›¶é˜²æ­¢äº§ç”Ÿä¸­æ–­
  13   1              TR0=1;     //é…ç½®å®šæ—¶å™¨å·¥ä½œ
  14   1              TH0=64535/256;  //256=2^8  å°±æ˜¯åœ¨äºŒè¿›åˆ¶é‡Œå°æ•°ç‚¹å‘å·¦ç§»åŠ¨8ä½  æ‹¿å‡ºäº†é«˜å…«ä½
  15   1              TL0=64535%256; //è¿™æ ·æ“ä½œä¹‹åŽå°±æŠŠæ•´ä¸ªæ•°çš„é«˜ä½Žä½åˆ†å¼€äº†
  16   1              ET0=1;  //IE   T0çš„ä¸­æ–­å…è®¸ä½
  17   1              EA=1;   //IE   æ€»ä¸­æ–­å…è®¸ä½
  18   1              PT0=0;  //IP   é€‰æ‹©ä½Žçº§ä¼˜å…ˆçº§
  19   1      }
  20          //void Timer0_Routine() interrupt 1
  21          //{
  22          //      static unsigned int T0Count;
  23          //      TL0=0x18;
  24          //      TH0=0xFC;
  25          //      T0Count++;
  26          //      if(T0Count>=1000)
  27          //      {
  28          //              T0Count=0;
  29          //      }
  30          //}


MODULE INFORMATION:   STATIC OVERLAYABLE
   CODE SIZE        =     23    ----
   CONSTANT SIZE    =   ----    ----
   XDATA SIZE       =   ----    ----
   PDATA SIZE       =   ----    ----
   DATA SIZE        =   ----    ----
   IDATA SIZE       =   ----    ----
   BIT SIZE         =   ----    ----
END OF MODULE INFORMATION.


C51 COMPILATION COMPLETE.  0 WARNING(S),  0 ERROR(S)
