C51 COMPILER V9.60.0.0   DS1302                                                            08/10/2022 13:22:47 PAGE 1   


C51 COMPILER V9.60.0.0, COMPILATION OF MODULE DS1302
OBJECT MODULE PLACED IN .\Objects\DS1302.obj
COMPILER INVOKED BY: D:\keil5\C51\BIN\C51.EXE DS1302.c OPTIMIZE(8,SPEED) BROWSE DEBUG OBJECTEXTEND PRINT(.\Listings\DS13
                    -02.lst) OBJECT(.\Objects\DS1302.obj)

line level    source

   1          #include <REGX52.H>
   2          
   3          sbit DS1302_SCLK=P3^6;
   4          sbit DS1302_IO=P3^4;
   5          sbit DS1302_CE=P3^5;
   6          
   7          #define SECOND   0X80
   8          #define MINUTE   0X82
   9          #define HOUR     0X84
  10          #define DATE     0X86
  11          #define MONTH    0X88
  12          #define DAY      0X8A
  13          #define YEAR     0X8C
  14          #define WP       0X8E
  15          
  16           char DS1302_Time[]={22,8,8,16,58,40,1};
  17          /**
  18            * @brief 时钟初始化
  19            * @param 无
  20            * @retval 无
  21            */
  22          void DS1302_Init(void)
  23          {
  24   1              DS1302_CE=0;
  25   1              DS1302_SCLK=0;
  26   1      }       
  27          /**
  28            * @brief 时钟写入字节
  29            * @param command命令行，决定输入的地址
  30            * @param Data数据行，决定填入的数据 BCD码形式
  31            * @retval 无
  32            */
  33          void DS1302_WriteByte(unsigned char command,Data)
  34          {
  35   1              unsigned char i;
  36   1              DS1302_CE=1;
  37   1              for(i=0;i<8;i++)
  38   1              {
  39   2                      DS1302_IO=command&(0x01<<i);
  40   2                      DS1302_SCLK=1;
  41   2                      DS1302_SCLK=0;
  42   2              }
  43   1              for(i=0;i<8;i++)
  44   1              {
  45   2                      DS1302_IO=Data&(0x01<<i);
  46   2                      DS1302_SCLK=1;
  47   2                      DS1302_SCLK=0;
  48   2              }
  49   1              DS1302_CE=0;
  50   1      }
  51          /**
  52            * @brief 读取字节，存入Data中
  53            * @param command读取的地址
  54            * @retval Data数据
C51 COMPILER V9.60.0.0   DS1302                                                            08/10/2022 13:22:47 PAGE 2   

  55            */
  56          unsigned char DS1302_ReadByte(unsigned char command)
  57          {
  58   1              unsigned char i,Data=0x00;
  59   1              command |= 0x01;
  60   1              DS1302_CE=1;
  61   1              for(i=0;i<8;i++)
  62   1              {
  63   2                      DS1302_IO=command&(0x01<<i);
  64   2                      DS1302_SCLK=0;
  65   2                      DS1302_SCLK=1;
  66   2              }
  67   1              for(i=0;i<8;i++)
  68   1              {
  69   2                      DS1302_SCLK=1;
  70   2                      DS1302_SCLK=0;
  71   2                      if(DS1302_IO){Data|=0x01<<i;}
  72   2              }
  73   1              DS1302_CE=0;
  74   1              return Data;
  75   1      }
  76          /**
  77            * @brief 设置时间，时间初始化数据在上面的数组中
  78            * @param 无
  79            * @retval 无
  80            */
  81          void DS1302_SetTime()
  82          {
  83   1              DS1302_WriteByte(WP,0x00);//关闭写保护
  84   1              DS1302_WriteByte(YEAR,DS1302_Time[0]/10*16+DS1302_Time[0]%10);//写入年数据，将16进制转为BCD码
  85   1              DS1302_WriteByte(MONTH,DS1302_Time[1]/10*16+DS1302_Time[1]%10);
  86   1              DS1302_WriteByte(DATE,DS1302_Time[2]/10*16+DS1302_Time[2]%10);
  87   1              DS1302_WriteByte(HOUR,DS1302_Time[3]/10*16+DS1302_Time[3]%10);
  88   1              DS1302_WriteByte(MINUTE,DS1302_Time[4]/10*16+DS1302_Time[4]%10);
  89   1              DS1302_WriteByte(SECOND,DS1302_Time[5]/10*16+DS1302_Time[5]%10);
  90   1              DS1302_WriteByte(DAY,DS1302_Time[6]/10*16+DS1302_Time[6]%10);
  91   1      //      DS1302_WriteByte(WP,0x80);//打开写保护
  92   1      }
  93          /**
  94            * @brief 读取时间，将时间存到TIME数组
  95            * @param 无
  96            * @retval 无
  97            */
  98          void DS1302_ReadTime()
  99          {
 100   1              unsigned char temp;
 101   1              temp=DS1302_ReadByte(YEAR);
 102   1              DS1302_Time[0]=temp/16*10+temp%16;//BCD码转16进制
 103   1              temp=DS1302_ReadByte(MONTH);
 104   1              DS1302_Time[1]=temp/16*10+temp%16;
 105   1              temp=DS1302_ReadByte(DATE);
 106   1              DS1302_Time[2]=temp/16*10+temp%16;
 107   1              temp=DS1302_ReadByte(HOUR);
 108   1              DS1302_Time[3]=temp/16*10+temp%16;
 109   1              temp=DS1302_ReadByte(MINUTE);
 110   1              DS1302_Time[4]=temp/16*10+temp%16;
 111   1              temp=DS1302_ReadByte(SECOND);
 112   1              DS1302_Time[5]=temp/16*10+temp%16;
 113   1              temp=DS1302_ReadByte(DAY);
 114   1              DS1302_Time[6]=temp/16*10+temp%16;
 115   1      }
 116          
C51 COMPILER V9.60.0.0   DS1302                                                            08/10/2022 13:22:47 PAGE 3   

 117          
 118          
 119          
 120          
 121          
 122          


MODULE INFORMATION:   STATIC OVERLAYABLE
   CODE SIZE        =    719    ----
   CONSTANT SIZE    =   ----    ----
   XDATA SIZE       =   ----    ----
   PDATA SIZE       =   ----    ----
   DATA SIZE        =      7       2
   IDATA SIZE       =   ----    ----
   BIT SIZE         =   ----    ----
END OF MODULE INFORMATION.


C51 COMPILATION COMPLETE.  0 WARNING(S),  0 ERROR(S)
