C51 COMPILER V9.60.0.0   MAIN                                                              08/10/2022 13:41:43 PAGE 1   


C51 COMPILER V9.60.0.0, COMPILATION OF MODULE MAIN
OBJECT MODULE PLACED IN .\Objects\main.obj
COMPILER INVOKED BY: D:\keil5\C51\BIN\C51.EXE main.c OPTIMIZE(8,SPEED) BROWSE DEBUG OBJECTEXTEND PRINT(.\Listings\main.l
                    -st) OBJECT(.\Objects\main.obj)

line level    source

   1          #include <REGX52.H>
   2          #include "LCD1602.h"
   3          #include "DS1302.h"
   4          #include "Delay.h"
   5          #include "key.h"
   6          #include "timer0.h"
   7          
   8          unsigned char keynum,MODE,timesetselect,flage;
   9          
  10          void timeshow()
  11          {
  12   1                      DS1302_ReadTime();
  13   1                      LCD_ShowNum(1,1,DS1302_Time[0],2);
  14   1                      LCD_ShowNum(1,4,DS1302_Time[1],2);
  15   1                      LCD_ShowNum(1,7,DS1302_Time[2],2);
  16   1                      LCD_ShowNum(2,1,DS1302_Time[3],2);
  17   1                      LCD_ShowNum(2,4,DS1302_Time[4],2);
  18   1                      LCD_ShowNum(2,7,DS1302_Time[5],2);
  19   1      }
  20          
  21          void timeset()
  22          {
  23   1              
  24   1              if(keynum==2)
  25   1              {
  26   2                      timesetselect++;
  27   2                      timesetselect%=6;
  28   2              }
  29   1              if(keynum==3)
  30   1              {
  31   2                      DS1302_Time[timesetselect]++;
  32   2                      if(DS1302_Time[0]>99){DS1302_Time[0]=0;}
  33   2                      if(DS1302_Time[1]>12){DS1302_Time[1]=1;}
  34   2                      if(DS1302_Time[1]==1 || DS1302_Time[1]==3 || DS1302_Time[1]==5 || 
  35   2                              DS1302_Time[1]==7 || DS1302_Time[1]==8 || DS1302_Time[1]==12)
  36   2                      {
  37   3                              if(DS1302_Time[2]>31){DS1302_Time[2]=1;}
  38   3                      }
  39   2                      else if(DS1302_Time[1]==4 || DS1302_Time[1]==6 || DS1302_Time[1]==9 || 
  40   2                              DS1302_Time[1]==11 )
  41   2                      {
  42   3                              if(DS1302_Time[2]>30){DS1302_Time[2]=1;}
  43   3                      }
  44   2                      else if(DS1302_Time[1]==2)
  45   2                      {
  46   3                              if(DS1302_Time[0]%4==0)
  47   3                              {
  48   4                                      if(DS1302_Time[2]>29){DS1302_Time[2]=1;}
  49   4                              }
  50   3                              else
  51   3                              {
  52   4                                      if(DS1302_Time[2]>28){DS1302_Time[2]=1;}
  53   4                              }
  54   3                      }
C51 COMPILER V9.60.0.0   MAIN                                                              08/10/2022 13:41:43 PAGE 2   

  55   2                      if(DS1302_Time[3]>23){DS1302_Time[3]=0;}
  56   2                      if(DS1302_Time[4]>59){DS1302_Time[4]=0;}
  57   2                      if(DS1302_Time[5]>59){DS1302_Time[5]=0;}
  58   2                      
  59   2              }
  60   1              if(keynum==4)
  61   1              {
  62   2                      DS1302_Time[timesetselect]--;
  63   2                      if(DS1302_Time[0]<0){DS1302_Time[0]=99;}
  64   2                      if(DS1302_Time[1]<1){DS1302_Time[1]=12;}
  65   2                      if(DS1302_Time[1]==1 || DS1302_Time[1]==3 || DS1302_Time[1]==5 || 
  66   2                              DS1302_Time[1]==7 || DS1302_Time[1]==8 || DS1302_Time[1]==12)
  67   2                      {
  68   3                              if(DS1302_Time[2]<1){DS1302_Time[2]=31;}
  69   3                              if(DS1302_Time[2]>31){DS1302_Time[2]=1;}
  70   3                      }
  71   2                      else if(DS1302_Time[1]==4 || DS1302_Time[1]==6 || DS1302_Time[1]==9 || 
  72   2                              DS1302_Time[1]==11 )
  73   2                      {
  74   3                              if(DS1302_Time[2]<1){DS1302_Time[2]=30;}
  75   3                              if(DS1302_Time[2]>30){DS1302_Time[2]=1;}
  76   3                      }
  77   2                      else if(DS1302_Time[1]==2)
  78   2                      {
  79   3                              if(DS1302_Time[0]%4==0)
  80   3                              {
  81   4                                      if(DS1302_Time[2]<1){DS1302_Time[2]=29;}
  82   4                                      if(DS1302_Time[2]>29){DS1302_Time[2]=1;}
  83   4                              }
  84   3                              else
  85   3                              {
  86   4                                      if(DS1302_Time[2]<1){DS1302_Time[2]=28;}
  87   4                                      if(DS1302_Time[2]>28){DS1302_Time[2]=1;}
  88   4                              }
  89   3                      }
  90   2                      if(DS1302_Time[3]<0){DS1302_Time[3]=23;}
  91   2                      if(DS1302_Time[4]<0){DS1302_Time[4]=59;}
  92   2                      if(DS1302_Time[5]<0){DS1302_Time[5]=59;}
  93   2              }
  94   1              if(timesetselect==0 && flage==1){LCD_ShowString(1,1,"  ");}
  95   1              else{LCD_ShowNum(1,1,DS1302_Time[0],2);}
  96   1              if(timesetselect==1 && flage==1){LCD_ShowString(1,4,"  ");}
  97   1              else{LCD_ShowNum(1,4,DS1302_Time[1],2);}
  98   1              if(timesetselect==2 && flage==1){LCD_ShowString(1,7,"  ");}
  99   1              else{LCD_ShowNum(1,7,DS1302_Time[2],2);}
 100   1              if(timesetselect==3 && flage==1){LCD_ShowString(2,1,"  ");}
 101   1              else{LCD_ShowNum(2,1,DS1302_Time[3],2);}
 102   1              if(timesetselect==4 && flage==1){LCD_ShowString(2,4,"  ");}
 103   1              else{LCD_ShowNum(2,4,DS1302_Time[4],2);}
 104   1              if(timesetselect==5 && flage==1){LCD_ShowString(2,7,"  ");}
 105   1              else{LCD_ShowNum(2,7,DS1302_Time[5],2);}
 106   1              LCD_ShowNum(1,16,timesetselect,1);
 107   1              LCD_ShowNum(2,16,flage,1);
 108   1      
 109   1      }
 110          
 111          void main()
 112          {
 113   1              LCD_Init();
 114   1              DS1302_Init();
 115   1              Timer_Init();
 116   1              LCD_ShowString(1,1,"  -  -  ");
C51 COMPILER V9.60.0.0   MAIN                                                              08/10/2022 13:41:43 PAGE 3   

 117   1              LCD_ShowString(2,1,"  :  :  ");
 118   1              DS1302_SetTime();
 119   1              
 120   1              while(1)
 121   1              {
 122   2                      keynum=key();
 123   2                      if(keynum==1)
 124   2                      {
 125   3                              if(MODE==0){MODE=1;}
 126   3                              else if(MODE==1){MODE=0;DS1302_SetTime();DS1302_WriteByte(0X8E,0x80);}
 127   3                      }
 128   2                      switch(MODE)
 129   2                      {
 130   3                              case 0:timeshow();break;
 131   3                              case 1:timeset();break;
 132   3                      }
 133   2              }
 134   1      }
 135          
 136          void timerroutine()  interrupt 1
 137          {
 138   1              static unsigned int T0Count;
 139   1              TL0=0x18;
 140   1              TH0=0xFC;
 141   1              T0Count++;
 142   1              if(T0Count>=500)
 143   1              {
 144   2                      T0Count=0;
 145   2                      flage=!flage;
 146   2              }
 147   1      }
 148          
 149          
 150          
 151          
 152          
 153          
 154          


MODULE INFORMATION:   STATIC OVERLAYABLE
   CODE SIZE        =    995    ----
   CONSTANT SIZE    =     21    ----
   XDATA SIZE       =   ----    ----
   PDATA SIZE       =   ----    ----
   DATA SIZE        =      6    ----
   IDATA SIZE       =   ----    ----
   BIT SIZE         =   ----    ----
END OF MODULE INFORMATION.


C51 COMPILATION COMPLETE.  0 WARNING(S),  0 ERROR(S)
