C51 COMPILER V9.60.0.0   KEY                                                               08/02/2022 15:04:59 PAGE 1   


C51 COMPILER V9.60.0.0, COMPILATION OF MODULE KEY
OBJECT MODULE PLACED IN .\Objects\key.obj
COMPILER INVOKED BY: D:\keil5\C51\BIN\C51.EXE key.c OPTIMIZE(8,SPEED) BROWSE DEBUG OBJECTEXTEND PRINT(.\Listings\key.lst
                    -) OBJECT(.\Objects\key.obj)

line level    source

   1          #include <REGX52.H>
   2          #include "Delay.h"
   3          /**
   4            * @brief 获取独立按键键码
   5            * @param 无
   6            * @retval 按下按键的键码，范围0~4，无按键按下时返回0
   7            */
   8          unsigned char key()
   9          {
  10   1              unsigned char keynumber=0;
  11   1              
  12   1              if(P3_1==0){Delay(20);while(P3_1==0);Delay(20);keynumber=1;}
  13   1              if(P3_0==0){Delay(20);while(P3_0==0);Delay(20);keynumber=2;}
  14   1              if(P3_2==0){Delay(20);while(P3_2==0);Delay(20);keynumber=3;}
  15   1              if(P3_3==0){Delay(20);while(P3_3==0);Delay(20);keynumber=4;}
  16   1              
  17   1              
  18   1              return keynumber;
  19   1      }


MODULE INFORMATION:   STATIC OVERLAYABLE
   CODE SIZE        =     97    ----
   CONSTANT SIZE    =   ----    ----
   XDATA SIZE       =   ----    ----
   PDATA SIZE       =   ----    ----
   DATA SIZE        =   ----       1
   IDATA SIZE       =   ----    ----
   BIT SIZE         =   ----    ----
END OF MODULE INFORMATION.


C51 COMPILATION COMPLETE.  0 WARNING(S),  0 ERROR(S)
