C51 COMPILER V9.60.0.0   MAIN                                                              08/02/2022 15:12:14 PAGE 1   


C51 COMPILER V9.60.0.0, COMPILATION OF MODULE MAIN
OBJECT MODULE PLACED IN .\Objects\main.obj
COMPILER INVOKED BY: D:\keil5\C51\BIN\C51.EXE main.c OPTIMIZE(8,SPEED) BROWSE DEBUG OBJECTEXTEND PRINT(.\Listings\main.l
                    -st) OBJECT(.\Objects\main.obj)

line level    source

   1          #include <REGX52.H>
   2          #include "timer0.h"
   3          #include "key.h"
   4          #include <INTRINS.H>
   5          unsigned char keynum ,LEDMode;
   6          
   7          void main()
   8          {       P2=0xFE;
   9   1              Timer_Init(); //定时器初始化
  10   1              while(1)
  11   1              {
  12   2                      keynum=key();
  13   2                      if(keynum)
  14   2                      {
  15   3                              if(keynum==1)
  16   3                              {
  17   4                                      LEDMode++;
  18   4                                      if(LEDMode>=2)LEDMode=0;
  19   4                              }
  20   3                      
  21   3                      }
  22   2              }
  23   1      }
  24           
  25          void Timer0_Routine() interrupt 1
  26          {
  27   1              static int T0count;
  28   1              TH0=64535/256;
  29   1              TL0=64535%256;
  30   1              T0count++;
  31   1              if (T0count>=500)
  32   1              {
  33   2                      T0count=0;
  34   2                      if(LEDMode==0)
  35   2                              P2=_crol_(P2,1);
  36   2                      if(LEDMode==1)
  37   2                              P2=_cror_(P2,1);
  38   2              }
  39   1      }
  40          
  41          
  42          
  43          
  44          


MODULE INFORMATION:   STATIC OVERLAYABLE
   CODE SIZE        =    135    ----
   CONSTANT SIZE    =   ----    ----
   XDATA SIZE       =   ----    ----
   PDATA SIZE       =   ----    ----
   DATA SIZE        =      4    ----
   IDATA SIZE       =   ----    ----
   BIT SIZE         =   ----    ----
C51 COMPILER V9.60.0.0   MAIN                                                              08/02/2022 15:12:14 PAGE 2   

END OF MODULE INFORMATION.


C51 COMPILATION COMPLETE.  0 WARNING(S),  0 ERROR(S)
