C51 COMPILER V9.60.0.0   MAIN                                                              08/04/2022 12:06:20 PAGE 1   


C51 COMPILER V9.60.0.0, COMPILATION OF MODULE MAIN
OBJECT MODULE PLACED IN .\Objects\main.obj
COMPILER INVOKED BY: D:\keil5\C51\BIN\C51.EXE main.c OPTIMIZE(8,SPEED) BROWSE DEBUG OBJECTEXTEND PRINT(.\Listings\main.l
                    -st) OBJECT(.\Objects\main.obj)

line level    source

   1          #include <REGX52.H>
   2          #include "Delay.h"
   3          #include "MatrixLED.h"
   4          
   5          unsigned char animation[]={0x00,0x00,0x00,0x00,0x00,0x00,0x00,0x00,0xFF,0x10,0x10,0x10,0xFF,0x00,0xFF,0x91
             -,0x91,0x91,0x91,0x00,0xFF,0x01,0x01,0x01,
   6          0x00,0xFF,0x01,0x01,0x01,0x00,0xFF,0x81,0x81,0x81,0xFF,0x00,0xFD,0x00,0xFD,0x00,
   7          0x00,0x00,0x00,0x00,0x00,0x00,0x00,0x00};
   8          
   9          void main()
  10          {
  11   1              unsigned char i,offset=0,count=0;
  12   1              MatrixLED_Init();
  13   1              while(1)
  14   1              {
  15   2                      for(i=0;i<8;i++)
  16   2                      {
  17   3                              MatrixLED_ShowColumn(i,animation[i+offset]);
  18   3                      }
  19   2                      count++;
  20   2                      if(count>10)
  21   2                      {
  22   3                              count=0;
  23   3                              offset++;
  24   3                              if(offset>32)
  25   3                              {
  26   4                                      offset=0;
  27   4                              }
  28   3                      }
  29   2              }
  30   1      }


MODULE INFORMATION:   STATIC OVERLAYABLE
   CODE SIZE        =     74    ----
   CONSTANT SIZE    =   ----    ----
   XDATA SIZE       =   ----    ----
   PDATA SIZE       =   ----    ----
   DATA SIZE        =     48       3
   IDATA SIZE       =   ----    ----
   BIT SIZE         =   ----    ----
END OF MODULE INFORMATION.


C51 COMPILATION COMPLETE.  0 WARNING(S),  0 ERROR(S)
