C51 COMPILER V9.60.0.0   MATRIXLED                                                         08/04/2022 11:45:27 PAGE 1   


C51 COMPILER V9.60.0.0, COMPILATION OF MODULE MATRIXLED
OBJECT MODULE PLACED IN .\Objects\MatrixLED.obj
COMPILER INVOKED BY: D:\keil5\C51\BIN\C51.EXE MatrixLED.c OPTIMIZE(8,SPEED) BROWSE DEBUG OBJECTEXTEND PRINT(.\Listings\M
                    -atrixLED.lst) OBJECT(.\Objects\MatrixLED.obj)

line level    source

   1          #include <REGX52.H>
   2          #include "Delay.h"
   3          
   4          
   5          sbit RCK=P3^5;   //RCLK上升沿锁存
   6          sbit SCK=P3^6;   //SRCLK上升沿移位
   7          sbit SER=P3^4;   //串行数据
   8          
   9          #define MATRIX_LED_PORT  P0
  10          
  11          /**
  12            * @brief 点阵屏初始化
  13            * @param 无
  14            * @retval 无
  15            */
  16          void MatrixLED_Init()
  17          {
  18   1              SCK=0;
  19   1              RCK=0;
  20   1      }
  21          
  22          /**
  23            * @brief 74HC595写入一个字节
  24            * @param 写入的8位16进制串行数据
  25            * @retval 无
  26            */
  27          void _74HC595_WriteByte(unsigned char byte)
  28          {
  29   1              unsigned char i;
  30   1              for(i=0;i<8;i++)
  31   1              {
  32   2                      SER=byte&(0x80>>i);  //与门，如果Byte最高位为1那么SER为1，相反为0  1111 0000 &1000 0000=
             -1000 0000>1
  33   2                      SCK=1;    //上升沿移位一次
  34   2                      SCK=0;
  35   2              }
  36   1              RCK=1;
  37   1              RCK=0;
  38   1      }
  39          
  40          /**
  41            * @brief LED点阵屏列显示
  42            * @param Column列数  范围0-7
  43            * @param Data选择列中的并行数据
  44            * @retval 无
  45            */
  46          void MatrixLED_ShowColumn(unsigned char Column,unsigned char Data)
  47          {
  48   1              _74HC595_WriteByte(Data);
  49   1              MATRIX_LED_PORT=~(0x80>>Column);
  50   1              Delay(1);
  51   1              MATRIX_LED_PORT=0xFF;
  52   1      }

C51 COMPILER V9.60.0.0   MATRIXLED                                                         08/04/2022 11:45:27 PAGE 2   


MODULE INFORMATION:   STATIC OVERLAYABLE
   CODE SIZE        =     95    ----
   CONSTANT SIZE    =   ----    ----
   XDATA SIZE       =   ----    ----
   PDATA SIZE       =   ----    ----
   DATA SIZE        =   ----    ----
   IDATA SIZE       =   ----    ----
   BIT SIZE         =   ----    ----
END OF MODULE INFORMATION.


C51 COMPILATION COMPLETE.  0 WARNING(S),  0 ERROR(S)
