C51 COMPILER V9.60.0.0   ITEM                                                              06/29/2022 12:09:09 PAGE 1   


C51 COMPILER V9.60.0.0, COMPILATION OF MODULE ITEM
OBJECT MODULE PLACED IN .\Objects\item.obj
COMPILER INVOKED BY: D:\keil5\C51\BIN\C51.EXE item.c OPTIMIZE(8,SPEED) BROWSE DEBUG OBJECTEXTEND PRINT(.\Listings\item.l
                    -st) TABS(2) OBJECT(.\Objects\item.obj)

line level    source

   1          #include <REGX52.H>
   2          #include <INTRINS.H>
   3          void Delay500ms()   //@11.0592MHz
   4          {
   5   1        unsigned char i, j, k;
   6   1      
   7   1        _nop_();
   8   1        i = 4;
   9   1        j = 129;
  10   1        k = 119;
  11   1        do
  12   1        {
  13   2          do
  14   2          {
  15   3            while (--k);
  16   3          } while (--j);
  17   2        } while (--i);
  18   1      }
  19          
  20          void main(){
  21   1        while(1){
  22   2          P2=0xFE;
  23   2          delay500ms();
*** WARNING C206 IN LINE 23 OF item.c: 'delay500ms': missing function-prototype
  24   2          P2=0xFF;
  25   2          delay500ms();
  26   2        }
  27   1      }


MODULE INFORMATION:   STATIC OVERLAYABLE
   CODE SIZE        =     28    ----
   CONSTANT SIZE    =   ----    ----
   XDATA SIZE       =   ----    ----
   PDATA SIZE       =   ----    ----
   DATA SIZE        =   ----    ----
   IDATA SIZE       =   ----    ----
   BIT SIZE         =   ----    ----
END OF MODULE INFORMATION.


C51 COMPILATION COMPLETE.  1 WARNING(S),  0 ERROR(S)
