C51 COMPILER V9.60.0.0   DS1302                                                            08/09/2022 11:38:57 PAGE 1   


C51 COMPILER V9.60.0.0, COMPILATION OF MODULE DS1302
OBJECT MODULE PLACED IN .\Objects\DS1302.obj
COMPILER INVOKED BY: D:\keil5\C51\BIN\C51.EXE DS1302.c OPTIMIZE(8,SPEED) BROWSE DEBUG OBJECTEXTEND PRINT(.\Listings\DS13
                    -02.lst) OBJECT(.\Objects\DS1302.obj)

line level    source

   1          #include <REGX52.H>
   2          
   3          sbit DS1302_SCLK=P3^6;
   4          sbit DS1302_IO=P3^4;
   5          sbit DS1302_CE=P3^5;
   6          
   7          #define SECOND   0X80
   8          #define MINUTE   0X82
   9          #define HOUR     0X84
  10          #define DATE     0X86
  11          #define MONTH    0X88
  12          #define DAY      0X8A
  13          #define YEAR     0X8C
  14          #define WP       0X8E
  15          
  16          unsigned char DS1302_Time[]={22,8,8,16,58,40,1};
  17          void DS1302_Init(void)
  18          {
  19   1              DS1302_CE=0;
  20   1              DS1302_SCLK=0;
  21   1      }       
  22          
  23          void DS1302_WriteByte(unsigned char command,Data)
  24          {
  25   1              unsigned char i;
  26   1              DS1302_CE=1;
  27   1              for(i=0;i<8;i++)
  28   1              {
  29   2                      DS1302_IO=command&(0x01<<i);
  30   2                      DS1302_SCLK=1;
  31   2                      DS1302_SCLK=0;
  32   2              }
  33   1              for(i=0;i<8;i++)
  34   1              {
  35   2                      DS1302_IO=Data&(0x01<<i);
  36   2                      DS1302_SCLK=1;
  37   2                      DS1302_SCLK=0;
  38   2              }
  39   1              DS1302_CE=0;
  40   1      }
  41          
  42          unsigned char DS1302_ReadByte(unsigned char command)
  43          {
  44   1              unsigned char i,Data=0x00;
  45   1              command |= 0x01;
  46   1              DS1302_CE=1;
  47   1              for(i=0;i<8;i++)
  48   1              {
  49   2                      DS1302_IO=command&(0x01<<i);
  50   2                      DS1302_SCLK=0;
  51   2                      DS1302_SCLK=1;
  52   2              }
  53   1              for(i=0;i<8;i++)
  54   1              {
C51 COMPILER V9.60.0.0   DS1302                                                            08/09/2022 11:38:57 PAGE 2   

  55   2                      DS1302_SCLK=1;
  56   2                      DS1302_SCLK=0;
  57   2                      if(DS1302_IO){Data|=0x01<<i;}
  58   2              }
  59   1              DS1302_CE=0;
  60   1              return Data;
  61   1      }
  62          void DS1302_SetTime()
  63          {
  64   1              DS1302_WriteByte(WP,0x00);
  65   1              DS1302_WriteByte(YEAR,DS1302_Time[0]/10*16+DS1302_Time[0]%10);
  66   1              DS1302_WriteByte(MONTH,DS1302_Time[1]/10*16+DS1302_Time[1]%10);
  67   1              DS1302_WriteByte(DATE,DS1302_Time[2]/10*16+DS1302_Time[2]%10);
  68   1              DS1302_WriteByte(HOUR,DS1302_Time[3]/10*16+DS1302_Time[3]%10);
  69   1              DS1302_WriteByte(MINUTE,DS1302_Time[4]/10*16+DS1302_Time[4]%10);
  70   1              DS1302_WriteByte(SECOND,DS1302_Time[5]/10*16+DS1302_Time[5]%10);
  71   1              DS1302_WriteByte(DAY,DS1302_Time[6]/10*16+DS1302_Time[6]%10);
  72   1              DS1302_WriteByte(WP,0x80);
  73   1      }
  74          
  75          void DS1302_ReadTime()
  76          {
  77   1              unsigned char temp;
  78   1              temp=DS1302_ReadByte(YEAR);
  79   1              DS1302_Time[0]=temp/16*10+temp%16;
  80   1              temp=DS1302_ReadByte(MONTH);
  81   1              DS1302_Time[1]=temp/16*10+temp%16;
  82   1              temp=DS1302_ReadByte(DATE);
  83   1              DS1302_Time[2]=temp/16*10+temp%16;
  84   1              temp=DS1302_ReadByte(HOUR);
  85   1              DS1302_Time[3]=temp/16*10+temp%16;
  86   1              temp=DS1302_ReadByte(MINUTE);
  87   1              DS1302_Time[4]=temp/16*10+temp%16;
  88   1              temp=DS1302_ReadByte(SECOND);
  89   1              DS1302_Time[5]=temp/16*10+temp%16;
  90   1              temp=DS1302_ReadByte(DAY);
  91   1              DS1302_Time[6]=temp/16*10+temp%16;
  92   1      }
  93          
  94          
  95          
  96          
  97          
  98          
  99          


MODULE INFORMATION:   STATIC OVERLAYABLE
   CODE SIZE        =    585    ----
   CONSTANT SIZE    =   ----    ----
   XDATA SIZE       =   ----    ----
   PDATA SIZE       =   ----    ----
   DATA SIZE        =      7       2
   IDATA SIZE       =   ----    ----
   BIT SIZE         =   ----    ----
END OF MODULE INFORMATION.


C51 COMPILATION COMPLETE.  0 WARNING(S),  0 ERROR(S)
