C51 COMPILER V9.60.0.0   MAIN                                                              07/05/2022 14:46:28 PAGE 1   


C51 COMPILER V9.60.0.0, COMPILATION OF MODULE MAIN
OBJECT MODULE PLACED IN .\Objects\main.obj
COMPILER INVOKED BY: D:\keil5\C51\BIN\C51.EXE main.c OPTIMIZE(8,SPEED) BROWSE DEBUG OBJECTEXTEND PRINT(.\Listings\main.l
                    -st) OBJECT(.\Objects\main.obj)

line level    source

   1          #include <REGX52.H>
   2          char a;
   3          void Delay(unsigned int x)      
   4          {
   5   1              unsigned char i, j;
   6   1              while(x)
   7   1              {
   8   2                      i = 2;
   9   2                      j = 199;
  10   2                      do
  11   2                      {
  12   3                              while (--j);
  13   3                      } while (--i);
  14   2                      x--;
  15   2              }
  16   1      }
  17          void main()
  18          {
  19   1              P2=~0x01;
  20   1              while(1)
  21   1              {
  22   2                      if(P3_1==0)
  23   2                      {
  24   3                              Delay(15);
  25   3                              while(P3_1==0);
  26   3                              Delay(15);
  27   3                              a++;
  28   3                              if(a>=8)
  29   3                                      a=0;
  30   3                              P2=~(0x01<<a);
  31   3                      };
  32   2                      if(P3_0==0)
  33   2                      {
  34   3                              Delay(15);
  35   3                              while(P3_0==0);
  36   3                              Delay(15);
  37   3                              if(a==0)
  38   3                                      a=7;
  39   3                              else
  40   3                                      a--;
  41   3                              
  42   3                              P2=~(0x01<<a);
  43   3                      }                                       
  44   2              }
  45   1      }


MODULE INFORMATION:   STATIC OVERLAYABLE
   CODE SIZE        =    124    ----
   CONSTANT SIZE    =   ----    ----
   XDATA SIZE       =   ----    ----
   PDATA SIZE       =   ----    ----
   DATA SIZE        =      1    ----
   IDATA SIZE       =   ----    ----
C51 COMPILER V9.60.0.0   MAIN                                                              07/05/2022 14:46:28 PAGE 2   

   BIT SIZE         =   ----    ----
END OF MODULE INFORMATION.


C51 COMPILATION COMPLETE.  0 WARNING(S),  0 ERROR(S)
