C51 COMPILER V9.60.0.0   MAIN_                                                             06/29/2022 21:27:09 PAGE 1   


C51 COMPILER V9.60.0.0, COMPILATION OF MODULE MAIN_
OBJECT MODULE PLACED IN .\Objects\main'.obj
COMPILER INVOKED BY: D:\keil5\C51\BIN\C51.EXE main'.c OPTIMIZE(8,SPEED) BROWSE DEBUG OBJECTEXTEND PRINT(.\Listings\main'
                    -.lst) OBJECT(.\Objects\main'.obj)

line level    source

   1          #include <REGX52.H>
   2          void main()
   3          {
   4   1              while(1)
   5   1              {
   6   2                      if(P3_1==0)
   7   2                      {
   8   3                              P2_0=0;
   9   3                      }
  10   2                      else
  11   2                      {
  12   3                              P2_0=1;
  13   3                      }
  14   2              }
  15   1      }


MODULE INFORMATION:   STATIC OVERLAYABLE
   CODE SIZE        =     11    ----
   CONSTANT SIZE    =   ----    ----
   XDATA SIZE       =   ----    ----
   PDATA SIZE       =   ----    ----
   DATA SIZE        =   ----    ----
   IDATA SIZE       =   ----    ----
   BIT SIZE         =   ----    ----
END OF MODULE INFORMATION.


C51 COMPILATION COMPLETE.  0 WARNING(S),  0 ERROR(S)
